Arguments: 
  C:\Program Files\nodejs\node.exe C:\Users\widow\AppData\Roaming\npm\node_modules\yarn\bin\yarn.js init

PATH: 
  C:\Program Files (x86)\Common Files\Oracle\Java\javapath;C:\Program Files\MongoDB\Server\4.4\bin\;C:\Windows;C:\Windows\System32\Wbem;C:\Windows\System32\WindowsPowerShell\v1.0\;C:\Program Files\NVIDIA Corporation\NVIDIA NvDLISR;C:\WINDOWS\system32;C:\WINDOWS;C:\WINDOWS\System32\Wbem;C:\WINDOWS\System32\WindowsPowerShell\v1.0\;C:\WINDOWS\System32\OpenSSH\;C:\Program Files (x86)\NVIDIA Corporation\PhysX\Common;C:\Program Files\dotnet\;C:\WINDOWS\system32;C:\WINDOWS;C:\WINDOWS\System32\Wbem;C:\WINDOWS\System32\WindowsPowerShell\v1.0\;C:\WINDOWS\System32\OpenSSH\;C:\Program Files\nodejs\;C:\Program Files\Git\cmd;D:\Android Studio\Sdk\platform-tools;C:\Users\widow\AppData\Local\jdk-11.0.2\bin;C:\Users\widow\AppData\Local\python2\scripts;C:\Users\widow\AppData\Local\python2;C:\Program Files\MySQL\MySQL Shell 8.0\bin\;C:\Users\widow\AppData\Local\Microsoft\WindowsApps;C:\Users\widow\AppData\Local\Programs\Microsoft VS Code\bin;C:\Users\widow\AppData\Roaming\npm;C:\Users\widow\spicetify-cli;C:\Users\widow\AppData\Local\GitHubDesktop\bin;D:\Android Studio\Sdk\tools;D:\Android Studio\Sdk\build-tools;D:\Android Studio\Sdk\cmdline-tools\latest\bin;D:\Android Studio\Sdk\emulator

Yarn version: 
  1.22.10

Node version: 
  12.19.0

Platform: 
  win32 x64

Trace: 
  Error: canceled
      at Interface.<anonymous> (C:\Users\widow\AppData\Roaming\npm\node_modules\yarn\lib\cli.js:136216:13)
      at Interface.emit (events.js:314:20)
      at Interface._ttyWrite (readline.js:868:16)
      at ReadStream.onkeypress (readline.js:205:10)
      at ReadStream.emit (events.js:314:20)
      at emitKeys (internal/readline/utils.js:335:14)
      at emitKeys.next (<anonymous>)
      at ReadStream.onData (readline.js:1137:36)
      at ReadStream.emit (events.js:314:20)
      at addChunk (_stream_readable.js:298:12)

npm manifest: 
  No manifest

yarn manifest: 
  No manifest

Lockfile: 
  No lockfile
